<!DOCTYPE HTML PUBLIC "-//W3C//DTD HTML 4.01 Transitional//EN" "http://www.w3.org/TR/html4/loose.dtd">
<html>
<head>
<title>Log4J Log Messages</title>
<style type="text/css">
<!--
body, table {font-family: arial,sans-serif; font-size: x-small;}
th {background: #336699; color: #FFFFFF; text-align: left;}
-->
</style>
</head>
<body bgcolor="#FFFFFF" topmargin="6" leftmargin="6">
<hr size="1" noshade>
Log session start time Fri Feb 07 15:25:57 EST 2025<br>
<br>
<table cellspacing="0" cellpadding="4" border="1" bordercolor="#224466" width="100%">
<tr>
<th>Time</th>
<th>Thread</th>
<th>Level</th>
<th>Category</th>
<th>Message</th>
</tr>

<tr>
<td>0</td>
<td title="main thread">main</td>
<td title="Level"><font color="#339933">DEBUG</font></td>
<td title="freemarker.cache category">freemarker.cache</td>
<td title="Message">Couldn't find template in cache for &quot;spark/spark.spa.ftl&quot;(&quot;en_CA&quot;, UTF-8, parsed); will try to load it.</td>
</tr>

<tr>
<td>2</td>
<td title="main thread">main</td>
<td title="Level"><font color="#339933">DEBUG</font></td>
<td title="freemarker.cache category">freemarker.cache</td>
<td title="Message">TemplateLoader.findTemplateSource(&quot;spark/spark.spa_en_CA.ftl&quot;): Not found</td>
</tr>

<tr>
<td>2</td>
<td title="main thread">main</td>
<td title="Level"><font color="#339933">DEBUG</font></td>
<td title="freemarker.cache category">freemarker.cache</td>
<td title="Message">TemplateLoader.findTemplateSource(&quot;spark/spark.spa_en.ftl&quot;): Not found</td>
</tr>

<tr>
<td>3</td>
<td title="main thread">main</td>
<td title="Level"><font color="#339933">DEBUG</font></td>
<td title="freemarker.cache category">freemarker.cache</td>
<td title="Message">TemplateLoader.findTemplateSource(&quot;spark/spark.spa.ftl&quot;): Found</td>
</tr>

<tr>
<td>3</td>
<td title="main thread">main</td>
<td title="Level"><font color="#339933">DEBUG</font></td>
<td title="freemarker.cache category">freemarker.cache</td>
<td title="Message">Loading template for &quot;spark/spark.spa.ftl&quot;(&quot;en_CA&quot;, UTF-8, parsed) from &quot;jar:file:/C:/Windows/system32/config/systemprofile/.m2/repository/com/aventstack/extentreports/5.1.0/extentreports-5.1.0.jar!/com/aventstack/extentreports/templates/spark/spark.spa.ftl&quot;</td>
</tr>

<tr>
<td>46</td>
<td title="main thread">main</td>
<td title="Level"><font color="#339933">DEBUG</font></td>
<td title="freemarker.cache category">freemarker.cache</td>
<td title="Message">Couldn't find template in cache for &quot;commons/commons-variables.ftl&quot;(&quot;en_CA&quot;, UTF-8, parsed); will try to load it.</td>
</tr>

<tr>
<td>46</td>
<td title="main thread">main</td>
<td title="Level"><font color="#339933">DEBUG</font></td>
<td title="freemarker.cache category">freemarker.cache</td>
<td title="Message">TemplateLoader.findTemplateSource(&quot;commons/commons-variables_en_CA.ftl&quot;): Not found</td>
</tr>

<tr>
<td>46</td>
<td title="main thread">main</td>
<td title="Level"><font color="#339933">DEBUG</font></td>
<td title="freemarker.cache category">freemarker.cache</td>
<td title="Message">TemplateLoader.findTemplateSource(&quot;commons/commons-variables_en.ftl&quot;): Not found</td>
</tr>

<tr>
<td>46</td>
<td title="main thread">main</td>
<td title="Level"><font color="#339933">DEBUG</font></td>
<td title="freemarker.cache category">freemarker.cache</td>
<td title="Message">TemplateLoader.findTemplateSource(&quot;commons/commons-variables.ftl&quot;): Found</td>
</tr>

<tr>
<td>46</td>
<td title="main thread">main</td>
<td title="Level"><font color="#339933">DEBUG</font></td>
<td title="freemarker.cache category">freemarker.cache</td>
<td title="Message">Loading template for &quot;commons/commons-variables.ftl&quot;(&quot;en_CA&quot;, UTF-8, parsed) from &quot;jar:file:/C:/Windows/system32/config/systemprofile/.m2/repository/com/aventstack/extentreports/5.1.0/extentreports-5.1.0.jar!/com/aventstack/extentreports/templates/commons/commons-variables.ftl&quot;</td>
</tr>

<tr>
<td>114</td>
<td title="main thread">main</td>
<td title="Level"><font color="#339933">DEBUG</font></td>
<td title="freemarker.cache category">freemarker.cache</td>
<td title="Message">Couldn't find template in cache for &quot;commons/commons-macros.ftl&quot;(&quot;en_CA&quot;, UTF-8, parsed); will try to load it.</td>
</tr>

<tr>
<td>114</td>
<td title="main thread">main</td>
<td title="Level"><font color="#339933">DEBUG</font></td>
<td title="freemarker.cache category">freemarker.cache</td>
<td title="Message">TemplateLoader.findTemplateSource(&quot;commons/commons-macros_en_CA.ftl&quot;): Not found</td>
</tr>

<tr>
<td>114</td>
<td title="main thread">main</td>
<td title="Level"><font color="#339933">DEBUG</font></td>
<td title="freemarker.cache category">freemarker.cache</td>
<td title="Message">TemplateLoader.findTemplateSource(&quot;commons/commons-macros_en.ftl&quot;): Not found</td>
</tr>

<tr>
<td>114</td>
<td title="main thread">main</td>
<td title="Level"><font color="#339933">DEBUG</font></td>
<td title="freemarker.cache category">freemarker.cache</td>
<td title="Message">TemplateLoader.findTemplateSource(&quot;commons/commons-macros.ftl&quot;): Found</td>
</tr>

<tr>
<td>114</td>
<td title="main thread">main</td>
<td title="Level"><font color="#339933">DEBUG</font></td>
<td title="freemarker.cache category">freemarker.cache</td>
<td title="Message">Loading template for &quot;commons/commons-macros.ftl&quot;(&quot;en_CA&quot;, UTF-8, parsed) from &quot;jar:file:/C:/Windows/system32/config/systemprofile/.m2/repository/com/aventstack/extentreports/5.1.0/extentreports-5.1.0.jar!/com/aventstack/extentreports/templates/commons/commons-macros.ftl&quot;</td>
</tr>

<tr>
<td>120</td>
<td title="main thread">main</td>
<td title="Level"><font color="#339933">DEBUG</font></td>
<td title="freemarker.cache category">freemarker.cache</td>
<td title="Message">Couldn't find template in cache for &quot;spark/macros/attributes.ftl&quot;(&quot;en_CA&quot;, UTF-8, parsed); will try to load it.</td>
</tr>

<tr>
<td>121</td>
<td title="main thread">main</td>
<td title="Level"><font color="#339933">DEBUG</font></td>
<td title="freemarker.cache category">freemarker.cache</td>
<td title="Message">TemplateLoader.findTemplateSource(&quot;spark/macros/attributes_en_CA.ftl&quot;): Not found</td>
</tr>

<tr>
<td>121</td>
<td title="main thread">main</td>
<td title="Level"><font color="#339933">DEBUG</font></td>
<td title="freemarker.cache category">freemarker.cache</td>
<td title="Message">TemplateLoader.findTemplateSource(&quot;spark/macros/attributes_en.ftl&quot;): Not found</td>
</tr>

<tr>
<td>121</td>
<td title="main thread">main</td>
<td title="Level"><font color="#339933">DEBUG</font></td>
<td title="freemarker.cache category">freemarker.cache</td>
<td title="Message">TemplateLoader.findTemplateSource(&quot;spark/macros/attributes.ftl&quot;): Found</td>
</tr>

<tr>
<td>121</td>
<td title="main thread">main</td>
<td title="Level"><font color="#339933">DEBUG</font></td>
<td title="freemarker.cache category">freemarker.cache</td>
<td title="Message">Loading template for &quot;spark/macros/attributes.ftl&quot;(&quot;en_CA&quot;, UTF-8, parsed) from &quot;jar:file:/C:/Windows/system32/config/systemprofile/.m2/repository/com/aventstack/extentreports/5.1.0/extentreports-5.1.0.jar!/com/aventstack/extentreports/templates/spark/macros/attributes.ftl&quot;</td>
</tr>

<tr>
<td>122</td>
<td title="main thread">main</td>
<td title="Level"><font color="#339933">DEBUG</font></td>
<td title="freemarker.cache category">freemarker.cache</td>
<td title="Message">Couldn't find template in cache for &quot;spark/macros/log.ftl&quot;(&quot;en_CA&quot;, UTF-8, parsed); will try to load it.</td>
</tr>

<tr>
<td>123</td>
<td title="main thread">main</td>
<td title="Level"><font color="#339933">DEBUG</font></td>
<td title="freemarker.cache category">freemarker.cache</td>
<td title="Message">TemplateLoader.findTemplateSource(&quot;spark/macros/log_en_CA.ftl&quot;): Not found</td>
</tr>

<tr>
<td>123</td>
<td title="main thread">main</td>
<td title="Level"><font color="#339933">DEBUG</font></td>
<td title="freemarker.cache category">freemarker.cache</td>
<td title="Message">TemplateLoader.findTemplateSource(&quot;spark/macros/log_en.ftl&quot;): Not found</td>
</tr>

<tr>
<td>123</td>
<td title="main thread">main</td>
<td title="Level"><font color="#339933">DEBUG</font></td>
<td title="freemarker.cache category">freemarker.cache</td>
<td title="Message">TemplateLoader.findTemplateSource(&quot;spark/macros/log.ftl&quot;): Found</td>
</tr>

<tr>
<td>123</td>
<td title="main thread">main</td>
<td title="Level"><font color="#339933">DEBUG</font></td>
<td title="freemarker.cache category">freemarker.cache</td>
<td title="Message">Loading template for &quot;spark/macros/log.ftl&quot;(&quot;en_CA&quot;, UTF-8, parsed) from &quot;jar:file:/C:/Windows/system32/config/systemprofile/.m2/repository/com/aventstack/extentreports/5.1.0/extentreports-5.1.0.jar!/com/aventstack/extentreports/templates/spark/macros/log.ftl&quot;</td>
</tr>

<tr>
<td>125</td>
<td title="main thread">main</td>
<td title="Level"><font color="#339933">DEBUG</font></td>
<td title="freemarker.cache category">freemarker.cache</td>
<td title="Message">Couldn't find template in cache for &quot;spark/macros/recurse_nodes.ftl&quot;(&quot;en_CA&quot;, UTF-8, parsed); will try to load it.</td>
</tr>

<tr>
<td>125</td>
<td title="main thread">main</td>
<td title="Level"><font color="#339933">DEBUG</font></td>
<td title="freemarker.cache category">freemarker.cache</td>
<td title="Message">TemplateLoader.findTemplateSource(&quot;spark/macros/recurse_nodes_en_CA.ftl&quot;): Not found</td>
</tr>

<tr>
<td>126</td>
<td title="main thread">main</td>
<td title="Level"><font color="#339933">DEBUG</font></td>
<td title="freemarker.cache category">freemarker.cache</td>
<td title="Message">TemplateLoader.findTemplateSource(&quot;spark/macros/recurse_nodes_en.ftl&quot;): Not found</td>
</tr>

<tr>
<td>126</td>
<td title="main thread">main</td>
<td title="Level"><font color="#339933">DEBUG</font></td>
<td title="freemarker.cache category">freemarker.cache</td>
<td title="Message">TemplateLoader.findTemplateSource(&quot;spark/macros/recurse_nodes.ftl&quot;): Found</td>
</tr>

<tr>
<td>126</td>
<td title="main thread">main</td>
<td title="Level"><font color="#339933">DEBUG</font></td>
<td title="freemarker.cache category">freemarker.cache</td>
<td title="Message">Loading template for &quot;spark/macros/recurse_nodes.ftl&quot;(&quot;en_CA&quot;, UTF-8, parsed) from &quot;jar:file:/C:/Windows/system32/config/systemprofile/.m2/repository/com/aventstack/extentreports/5.1.0/extentreports-5.1.0.jar!/com/aventstack/extentreports/templates/spark/macros/recurse_nodes.ftl&quot;</td>
</tr>

<tr>
<td>129</td>
<td title="main thread">main</td>
<td title="Level"><font color="#339933">DEBUG</font></td>
<td title="freemarker.cache category">freemarker.cache</td>
<td title="Message">&quot;spark/macros/log.ftl&quot;(&quot;en_CA&quot;, UTF-8, parsed) cached copy not yet stale; using cached.</td>
</tr>

<tr>
<td>129</td>
<td title="main thread">main</td>
<td title="Level"><font color="#339933">DEBUG</font></td>
<td title="freemarker.cache category">freemarker.cache</td>
<td title="Message">Couldn't find template in cache for &quot;spark/macros/attr-common.ftl&quot;(&quot;en_CA&quot;, UTF-8, parsed); will try to load it.</td>
</tr>

<tr>
<td>130</td>
<td title="main thread">main</td>
<td title="Level"><font color="#339933">DEBUG</font></td>
<td title="freemarker.cache category">freemarker.cache</td>
<td title="Message">TemplateLoader.findTemplateSource(&quot;spark/macros/attr-common_en_CA.ftl&quot;): Not found</td>
</tr>

<tr>
<td>130</td>
<td title="main thread">main</td>
<td title="Level"><font color="#339933">DEBUG</font></td>
<td title="freemarker.cache category">freemarker.cache</td>
<td title="Message">TemplateLoader.findTemplateSource(&quot;spark/macros/attr-common_en.ftl&quot;): Not found</td>
</tr>

<tr>
<td>130</td>
<td title="main thread">main</td>
<td title="Level"><font color="#339933">DEBUG</font></td>
<td title="freemarker.cache category">freemarker.cache</td>
<td title="Message">TemplateLoader.findTemplateSource(&quot;spark/macros/attr-common.ftl&quot;): Found</td>
</tr>

<tr>
<td>130</td>
<td title="main thread">main</td>
<td title="Level"><font color="#339933">DEBUG</font></td>
<td title="freemarker.cache category">freemarker.cache</td>
<td title="Message">Loading template for &quot;spark/macros/attr-common.ftl&quot;(&quot;en_CA&quot;, UTF-8, parsed) from &quot;jar:file:/C:/Windows/system32/config/systemprofile/.m2/repository/com/aventstack/extentreports/5.1.0/extentreports-5.1.0.jar!/com/aventstack/extentreports/templates/spark/macros/attr-common.ftl&quot;</td>
</tr>

<tr>
<td>138</td>
<td title="main thread">main</td>
<td title="Level"><font color="#339933">DEBUG</font></td>
<td title="freemarker.cache category">freemarker.cache</td>
<td title="Message">Couldn't find template in cache for &quot;spark/partials/head.ftl&quot;(&quot;en_CA&quot;, UTF-8, parsed); will try to load it.</td>
</tr>

<tr>
<td>138</td>
<td title="main thread">main</td>
<td title="Level"><font color="#339933">DEBUG</font></td>
<td title="freemarker.cache category">freemarker.cache</td>
<td title="Message">TemplateLoader.findTemplateSource(&quot;spark/partials/head_en_CA.ftl&quot;): Not found</td>
</tr>

<tr>
<td>139</td>
<td title="main thread">main</td>
<td title="Level"><font color="#339933">DEBUG</font></td>
<td title="freemarker.cache category">freemarker.cache</td>
<td title="Message">TemplateLoader.findTemplateSource(&quot;spark/partials/head_en.ftl&quot;): Not found</td>
</tr>

<tr>
<td>139</td>
<td title="main thread">main</td>
<td title="Level"><font color="#339933">DEBUG</font></td>
<td title="freemarker.cache category">freemarker.cache</td>
<td title="Message">TemplateLoader.findTemplateSource(&quot;spark/partials/head.ftl&quot;): Found</td>
</tr>

<tr>
<td>139</td>
<td title="main thread">main</td>
<td title="Level"><font color="#339933">DEBUG</font></td>
<td title="freemarker.cache category">freemarker.cache</td>
<td title="Message">Loading template for &quot;spark/partials/head.ftl&quot;(&quot;en_CA&quot;, UTF-8, parsed) from &quot;jar:file:/C:/Windows/system32/config/systemprofile/.m2/repository/com/aventstack/extentreports/5.1.0/extentreports-5.1.0.jar!/com/aventstack/extentreports/templates/spark/partials/head.ftl&quot;</td>
</tr>

<tr>
<td>148</td>
<td title="main thread">main</td>
<td title="Level"><font color="#339933">DEBUG</font></td>
<td title="freemarker.cache category">freemarker.cache</td>
<td title="Message">Couldn't find template in cache for &quot;commons/commons-inject-css.ftl&quot;(&quot;en_CA&quot;, UTF-8, parsed); will try to load it.</td>
</tr>

<tr>
<td>148</td>
<td title="main thread">main</td>
<td title="Level"><font color="#339933">DEBUG</font></td>
<td title="freemarker.cache category">freemarker.cache</td>
<td title="Message">TemplateLoader.findTemplateSource(&quot;commons/commons-inject-css_en_CA.ftl&quot;): Not found</td>
</tr>

<tr>
<td>148</td>
<td title="main thread">main</td>
<td title="Level"><font color="#339933">DEBUG</font></td>
<td title="freemarker.cache category">freemarker.cache</td>
<td title="Message">TemplateLoader.findTemplateSource(&quot;commons/commons-inject-css_en.ftl&quot;): Not found</td>
</tr>

<tr>
<td>149</td>
<td title="main thread">main</td>
<td title="Level"><font color="#339933">DEBUG</font></td>
<td title="freemarker.cache category">freemarker.cache</td>
<td title="Message">TemplateLoader.findTemplateSource(&quot;commons/commons-inject-css.ftl&quot;): Found</td>
</tr>

<tr>
<td>149</td>
<td title="main thread">main</td>
<td title="Level"><font color="#339933">DEBUG</font></td>
<td title="freemarker.cache category">freemarker.cache</td>
<td title="Message">Loading template for &quot;commons/commons-inject-css.ftl&quot;(&quot;en_CA&quot;, UTF-8, parsed) from &quot;jar:file:/C:/Windows/system32/config/systemprofile/.m2/repository/com/aventstack/extentreports/5.1.0/extentreports-5.1.0.jar!/com/aventstack/extentreports/templates/commons/commons-inject-css.ftl&quot;</td>
</tr>

<tr>
<td>150</td>
<td title="main thread">main</td>
<td title="Level"><font color="#339933">DEBUG</font></td>
<td title="freemarker.cache category">freemarker.cache</td>
<td title="Message">Couldn't find template in cache for &quot;spark/partials/navbar.ftl&quot;(&quot;en_CA&quot;, UTF-8, parsed); will try to load it.</td>
</tr>

<tr>
<td>150</td>
<td title="main thread">main</td>
<td title="Level"><font color="#339933">DEBUG</font></td>
<td title="freemarker.cache category">freemarker.cache</td>
<td title="Message">TemplateLoader.findTemplateSource(&quot;spark/partials/navbar_en_CA.ftl&quot;): Not found</td>
</tr>

<tr>
<td>150</td>
<td title="main thread">main</td>
<td title="Level"><font color="#339933">DEBUG</font></td>
<td title="freemarker.cache category">freemarker.cache</td>
<td title="Message">TemplateLoader.findTemplateSource(&quot;spark/partials/navbar_en.ftl&quot;): Not found</td>
</tr>

<tr>
<td>150</td>
<td title="main thread">main</td>
<td title="Level"><font color="#339933">DEBUG</font></td>
<td title="freemarker.cache category">freemarker.cache</td>
<td title="Message">TemplateLoader.findTemplateSource(&quot;spark/partials/navbar.ftl&quot;): Found</td>
</tr>

<tr>
<td>150</td>
<td title="main thread">main</td>
<td title="Level"><font color="#339933">DEBUG</font></td>
<td title="freemarker.cache category">freemarker.cache</td>
<td title="Message">Loading template for &quot;spark/partials/navbar.ftl&quot;(&quot;en_CA&quot;, UTF-8, parsed) from &quot;jar:file:/C:/Windows/system32/config/systemprofile/.m2/repository/com/aventstack/extentreports/5.1.0/extentreports-5.1.0.jar!/com/aventstack/extentreports/templates/spark/partials/navbar.ftl&quot;</td>
</tr>

<tr>
<td>160</td>
<td title="main thread">main</td>
<td title="Level"><font color="#339933">DEBUG</font></td>
<td title="freemarker.cache category">freemarker.cache</td>
<td title="Message">Couldn't find template in cache for &quot;spark/partials/sidenav.ftl&quot;(&quot;en_CA&quot;, UTF-8, parsed); will try to load it.</td>
</tr>

<tr>
<td>160</td>
<td title="main thread">main</td>
<td title="Level"><font color="#339933">DEBUG</font></td>
<td title="freemarker.cache category">freemarker.cache</td>
<td title="Message">TemplateLoader.findTemplateSource(&quot;spark/partials/sidenav_en_CA.ftl&quot;): Not found</td>
</tr>

<tr>
<td>160</td>
<td title="main thread">main</td>
<td title="Level"><font color="#339933">DEBUG</font></td>
<td title="freemarker.cache category">freemarker.cache</td>
<td title="Message">TemplateLoader.findTemplateSource(&quot;spark/partials/sidenav_en.ftl&quot;): Not found</td>
</tr>

<tr>
<td>160</td>
<td title="main thread">main</td>
<td title="Level"><font color="#339933">DEBUG</font></td>
<td title="freemarker.cache category">freemarker.cache</td>
<td title="Message">TemplateLoader.findTemplateSource(&quot;spark/partials/sidenav.ftl&quot;): Found</td>
</tr>

<tr>
<td>160</td>
<td title="main thread">main</td>
<td title="Level"><font color="#339933">DEBUG</font></td>
<td title="freemarker.cache category">freemarker.cache</td>
<td title="Message">Loading template for &quot;spark/partials/sidenav.ftl&quot;(&quot;en_CA&quot;, UTF-8, parsed) from &quot;jar:file:/C:/Windows/system32/config/systemprofile/.m2/repository/com/aventstack/extentreports/5.1.0/extentreports-5.1.0.jar!/com/aventstack/extentreports/templates/spark/partials/sidenav.ftl&quot;</td>
</tr>

<tr>
<td>168</td>
<td title="main thread">main</td>
<td title="Level"><font color="#339933">DEBUG</font></td>
<td title="freemarker.cache category">freemarker.cache</td>
<td title="Message">Couldn't find template in cache for &quot;spark/partials/test.ftl&quot;(&quot;en_CA&quot;, UTF-8, parsed); will try to load it.</td>
</tr>

<tr>
<td>169</td>
<td title="main thread">main</td>
<td title="Level"><font color="#339933">DEBUG</font></td>
<td title="freemarker.cache category">freemarker.cache</td>
<td title="Message">TemplateLoader.findTemplateSource(&quot;spark/partials/test_en_CA.ftl&quot;): Not found</td>
</tr>

<tr>
<td>169</td>
<td title="main thread">main</td>
<td title="Level"><font color="#339933">DEBUG</font></td>
<td title="freemarker.cache category">freemarker.cache</td>
<td title="Message">TemplateLoader.findTemplateSource(&quot;spark/partials/test_en.ftl&quot;): Not found</td>
</tr>

<tr>
<td>169</td>
<td title="main thread">main</td>
<td title="Level"><font color="#339933">DEBUG</font></td>
<td title="freemarker.cache category">freemarker.cache</td>
<td title="Message">TemplateLoader.findTemplateSource(&quot;spark/partials/test.ftl&quot;): Found</td>
</tr>

<tr>
<td>169</td>
<td title="main thread">main</td>
<td title="Level"><font color="#339933">DEBUG</font></td>
<td title="freemarker.cache category">freemarker.cache</td>
<td title="Message">Loading template for &quot;spark/partials/test.ftl&quot;(&quot;en_CA&quot;, UTF-8, parsed) from &quot;jar:file:/C:/Windows/system32/config/systemprofile/.m2/repository/com/aventstack/extentreports/5.1.0/extentreports-5.1.0.jar!/com/aventstack/extentreports/templates/spark/partials/test.ftl&quot;</td>
</tr>

<tr>
<td>178</td>
<td title="main thread">main</td>
<td title="Level"><font color="#339933">DEBUG</font></td>
<td title="freemarker.cache category">freemarker.cache</td>
<td title="Message">Couldn't find template in cache for &quot;spark/partials/standard-content.ftl&quot;(&quot;en_CA&quot;, UTF-8, parsed); will try to load it.</td>
</tr>

<tr>
<td>179</td>
<td title="main thread">main</td>
<td title="Level"><font color="#339933">DEBUG</font></td>
<td title="freemarker.cache category">freemarker.cache</td>
<td title="Message">TemplateLoader.findTemplateSource(&quot;spark/partials/standard-content_en_CA.ftl&quot;): Not found</td>
</tr>

<tr>
<td>179</td>
<td title="main thread">main</td>
<td title="Level"><font color="#339933">DEBUG</font></td>
<td title="freemarker.cache category">freemarker.cache</td>
<td title="Message">TemplateLoader.findTemplateSource(&quot;spark/partials/standard-content_en.ftl&quot;): Not found</td>
</tr>

<tr>
<td>179</td>
<td title="main thread">main</td>
<td title="Level"><font color="#339933">DEBUG</font></td>
<td title="freemarker.cache category">freemarker.cache</td>
<td title="Message">TemplateLoader.findTemplateSource(&quot;spark/partials/standard-content.ftl&quot;): Found</td>
</tr>

<tr>
<td>179</td>
<td title="main thread">main</td>
<td title="Level"><font color="#339933">DEBUG</font></td>
<td title="freemarker.cache category">freemarker.cache</td>
<td title="Message">Loading template for &quot;spark/partials/standard-content.ftl&quot;(&quot;en_CA&quot;, UTF-8, parsed) from &quot;jar:file:/C:/Windows/system32/config/systemprofile/.m2/repository/com/aventstack/extentreports/5.1.0/extentreports-5.1.0.jar!/com/aventstack/extentreports/templates/spark/partials/standard-content.ftl&quot;</td>
</tr>

<tr>
<td>184</td>
<td title="main thread">main</td>
<td title="Level"><font color="#339933">DEBUG</font></td>
<td title="freemarker.cache category">freemarker.cache</td>
<td title="Message">&quot;spark/partials/standard-content.ftl&quot;(&quot;en_CA&quot;, UTF-8, parsed) cached copy not yet stale; using cached.</td>
</tr>

<tr>
<td>185</td>
<td title="main thread">main</td>
<td title="Level"><font color="#339933">DEBUG</font></td>
<td title="freemarker.cache category">freemarker.cache</td>
<td title="Message">&quot;spark/partials/standard-content.ftl&quot;(&quot;en_CA&quot;, UTF-8, parsed) cached copy not yet stale; using cached.</td>
</tr>

<tr>
<td>186</td>
<td title="main thread">main</td>
<td title="Level"><font color="#339933">DEBUG</font></td>
<td title="freemarker.cache category">freemarker.cache</td>
<td title="Message">&quot;spark/partials/standard-content.ftl&quot;(&quot;en_CA&quot;, UTF-8, parsed) cached copy not yet stale; using cached.</td>
</tr>

<tr>
<td>187</td>
<td title="main thread">main</td>
<td title="Level"><font color="#339933">DEBUG</font></td>
<td title="freemarker.cache category">freemarker.cache</td>
<td title="Message">&quot;spark/partials/standard-content.ftl&quot;(&quot;en_CA&quot;, UTF-8, parsed) cached copy not yet stale; using cached.</td>
</tr>

<tr>
<td>188</td>
<td title="main thread">main</td>
<td title="Level"><font color="#339933">DEBUG</font></td>
<td title="freemarker.cache category">freemarker.cache</td>
<td title="Message">&quot;spark/partials/standard-content.ftl&quot;(&quot;en_CA&quot;, UTF-8, parsed) cached copy not yet stale; using cached.</td>
</tr>

<tr>
<td>189</td>
<td title="main thread">main</td>
<td title="Level"><font color="#339933">DEBUG</font></td>
<td title="freemarker.cache category">freemarker.cache</td>
<td title="Message">&quot;spark/partials/standard-content.ftl&quot;(&quot;en_CA&quot;, UTF-8, parsed) cached copy not yet stale; using cached.</td>
</tr>

<tr>
<td>190</td>
<td title="main thread">main</td>
<td title="Level"><font color="#339933">DEBUG</font></td>
<td title="freemarker.cache category">freemarker.cache</td>
<td title="Message">&quot;spark/partials/standard-content.ftl&quot;(&quot;en_CA&quot;, UTF-8, parsed) cached copy not yet stale; using cached.</td>
</tr>

<tr>
<td>191</td>
<td title="main thread">main</td>
<td title="Level"><font color="#339933">DEBUG</font></td>
<td title="freemarker.cache category">freemarker.cache</td>
<td title="Message">&quot;spark/partials/standard-content.ftl&quot;(&quot;en_CA&quot;, UTF-8, parsed) cached copy not yet stale; using cached.</td>
</tr>

<tr>
<td>191</td>
<td title="main thread">main</td>
<td title="Level"><font color="#339933">DEBUG</font></td>
<td title="freemarker.cache category">freemarker.cache</td>
<td title="Message">&quot;spark/partials/standard-content.ftl&quot;(&quot;en_CA&quot;, UTF-8, parsed) cached copy not yet stale; using cached.</td>
</tr>

<tr>
<td>192</td>
<td title="main thread">main</td>
<td title="Level"><font color="#339933">DEBUG</font></td>
<td title="freemarker.cache category">freemarker.cache</td>
<td title="Message">&quot;spark/partials/standard-content.ftl&quot;(&quot;en_CA&quot;, UTF-8, parsed) cached copy not yet stale; using cached.</td>
</tr>

<tr>
<td>192</td>
<td title="main thread">main</td>
<td title="Level"><font color="#339933">DEBUG</font></td>
<td title="freemarker.cache category">freemarker.cache</td>
<td title="Message">&quot;spark/partials/standard-content.ftl&quot;(&quot;en_CA&quot;, UTF-8, parsed) cached copy not yet stale; using cached.</td>
</tr>

<tr>
<td>193</td>
<td title="main thread">main</td>
<td title="Level"><font color="#339933">DEBUG</font></td>
<td title="freemarker.cache category">freemarker.cache</td>
<td title="Message">&quot;spark/partials/standard-content.ftl&quot;(&quot;en_CA&quot;, UTF-8, parsed) cached copy not yet stale; using cached.</td>
</tr>

<tr>
<td>194</td>
<td title="main thread">main</td>
<td title="Level"><font color="#339933">DEBUG</font></td>
<td title="freemarker.cache category">freemarker.cache</td>
<td title="Message">&quot;spark/partials/standard-content.ftl&quot;(&quot;en_CA&quot;, UTF-8, parsed) cached copy not yet stale; using cached.</td>
</tr>

<tr>
<td>194</td>
<td title="main thread">main</td>
<td title="Level"><font color="#339933">DEBUG</font></td>
<td title="freemarker.cache category">freemarker.cache</td>
<td title="Message">&quot;spark/partials/standard-content.ftl&quot;(&quot;en_CA&quot;, UTF-8, parsed) cached copy not yet stale; using cached.</td>
</tr>

<tr>
<td>195</td>
<td title="main thread">main</td>
<td title="Level"><font color="#339933">DEBUG</font></td>
<td title="freemarker.cache category">freemarker.cache</td>
<td title="Message">&quot;spark/partials/standard-content.ftl&quot;(&quot;en_CA&quot;, UTF-8, parsed) cached copy not yet stale; using cached.</td>
</tr>

<tr>
<td>195</td>
<td title="main thread">main</td>
<td title="Level"><font color="#339933">DEBUG</font></td>
<td title="freemarker.cache category">freemarker.cache</td>
<td title="Message">&quot;spark/partials/standard-content.ftl&quot;(&quot;en_CA&quot;, UTF-8, parsed) cached copy not yet stale; using cached.</td>
</tr>

<tr>
<td>196</td>
<td title="main thread">main</td>
<td title="Level"><font color="#339933">DEBUG</font></td>
<td title="freemarker.cache category">freemarker.cache</td>
<td title="Message">&quot;spark/partials/standard-content.ftl&quot;(&quot;en_CA&quot;, UTF-8, parsed) cached copy not yet stale; using cached.</td>
</tr>

<tr>
<td>197</td>
<td title="main thread">main</td>
<td title="Level"><font color="#339933">DEBUG</font></td>
<td title="freemarker.cache category">freemarker.cache</td>
<td title="Message">&quot;spark/partials/standard-content.ftl&quot;(&quot;en_CA&quot;, UTF-8, parsed) cached copy not yet stale; using cached.</td>
</tr>

<tr>
<td>199</td>
<td title="main thread">main</td>
<td title="Level"><font color="#339933">DEBUG</font></td>
<td title="freemarker.cache category">freemarker.cache</td>
<td title="Message">Couldn't find template in cache for &quot;spark/partials/exception.ftl&quot;(&quot;en_CA&quot;, UTF-8, parsed); will try to load it.</td>
</tr>

<tr>
<td>200</td>
<td title="main thread">main</td>
<td title="Level"><font color="#339933">DEBUG</font></td>
<td title="freemarker.cache category">freemarker.cache</td>
<td title="Message">TemplateLoader.findTemplateSource(&quot;spark/partials/exception_en_CA.ftl&quot;): Not found</td>
</tr>

<tr>
<td>200</td>
<td title="main thread">main</td>
<td title="Level"><font color="#339933">DEBUG</font></td>
<td title="freemarker.cache category">freemarker.cache</td>
<td title="Message">TemplateLoader.findTemplateSource(&quot;spark/partials/exception_en.ftl&quot;): Not found</td>
</tr>

<tr>
<td>200</td>
<td title="main thread">main</td>
<td title="Level"><font color="#339933">DEBUG</font></td>
<td title="freemarker.cache category">freemarker.cache</td>
<td title="Message">TemplateLoader.findTemplateSource(&quot;spark/partials/exception.ftl&quot;): Found</td>
</tr>

<tr>
<td>200</td>
<td title="main thread">main</td>
<td title="Level"><font color="#339933">DEBUG</font></td>
<td title="freemarker.cache category">freemarker.cache</td>
<td title="Message">Loading template for &quot;spark/partials/exception.ftl&quot;(&quot;en_CA&quot;, UTF-8, parsed) from &quot;jar:file:/C:/Windows/system32/config/systemprofile/.m2/repository/com/aventstack/extentreports/5.1.0/extentreports-5.1.0.jar!/com/aventstack/extentreports/templates/spark/partials/exception.ftl&quot;</td>
</tr>

<tr>
<td>201</td>
<td title="main thread">main</td>
<td title="Level"><font color="#339933">DEBUG</font></td>
<td title="freemarker.cache category">freemarker.cache</td>
<td title="Message">Couldn't find template in cache for &quot;spark/partials/category.ftl&quot;(&quot;en_CA&quot;, UTF-8, parsed); will try to load it.</td>
</tr>

<tr>
<td>202</td>
<td title="main thread">main</td>
<td title="Level"><font color="#339933">DEBUG</font></td>
<td title="freemarker.cache category">freemarker.cache</td>
<td title="Message">TemplateLoader.findTemplateSource(&quot;spark/partials/category_en_CA.ftl&quot;): Not found</td>
</tr>

<tr>
<td>202</td>
<td title="main thread">main</td>
<td title="Level"><font color="#339933">DEBUG</font></td>
<td title="freemarker.cache category">freemarker.cache</td>
<td title="Message">TemplateLoader.findTemplateSource(&quot;spark/partials/category_en.ftl&quot;): Not found</td>
</tr>

<tr>
<td>202</td>
<td title="main thread">main</td>
<td title="Level"><font color="#339933">DEBUG</font></td>
<td title="freemarker.cache category">freemarker.cache</td>
<td title="Message">TemplateLoader.findTemplateSource(&quot;spark/partials/category.ftl&quot;): Found</td>
</tr>

<tr>
<td>202</td>
<td title="main thread">main</td>
<td title="Level"><font color="#339933">DEBUG</font></td>
<td title="freemarker.cache category">freemarker.cache</td>
<td title="Message">Loading template for &quot;spark/partials/category.ftl&quot;(&quot;en_CA&quot;, UTF-8, parsed) from &quot;jar:file:/C:/Windows/system32/config/systemprofile/.m2/repository/com/aventstack/extentreports/5.1.0/extentreports-5.1.0.jar!/com/aventstack/extentreports/templates/spark/partials/category.ftl&quot;</td>
</tr>

<tr>
<td>203</td>
<td title="main thread">main</td>
<td title="Level"><font color="#339933">DEBUG</font></td>
<td title="freemarker.cache category">freemarker.cache</td>
<td title="Message">Couldn't find template in cache for &quot;spark/partials/device.ftl&quot;(&quot;en_CA&quot;, UTF-8, parsed); will try to load it.</td>
</tr>

<tr>
<td>203</td>
<td title="main thread">main</td>
<td title="Level"><font color="#339933">DEBUG</font></td>
<td title="freemarker.cache category">freemarker.cache</td>
<td title="Message">TemplateLoader.findTemplateSource(&quot;spark/partials/device_en_CA.ftl&quot;): Not found</td>
</tr>

<tr>
<td>204</td>
<td title="main thread">main</td>
<td title="Level"><font color="#339933">DEBUG</font></td>
<td title="freemarker.cache category">freemarker.cache</td>
<td title="Message">TemplateLoader.findTemplateSource(&quot;spark/partials/device_en.ftl&quot;): Not found</td>
</tr>

<tr>
<td>204</td>
<td title="main thread">main</td>
<td title="Level"><font color="#339933">DEBUG</font></td>
<td title="freemarker.cache category">freemarker.cache</td>
<td title="Message">TemplateLoader.findTemplateSource(&quot;spark/partials/device.ftl&quot;): Found</td>
</tr>

<tr>
<td>204</td>
<td title="main thread">main</td>
<td title="Level"><font color="#339933">DEBUG</font></td>
<td title="freemarker.cache category">freemarker.cache</td>
<td title="Message">Loading template for &quot;spark/partials/device.ftl&quot;(&quot;en_CA&quot;, UTF-8, parsed) from &quot;jar:file:/C:/Windows/system32/config/systemprofile/.m2/repository/com/aventstack/extentreports/5.1.0/extentreports-5.1.0.jar!/com/aventstack/extentreports/templates/spark/partials/device.ftl&quot;</td>
</tr>

<tr>
<td>205</td>
<td title="main thread">main</td>
<td title="Level"><font color="#339933">DEBUG</font></td>
<td title="freemarker.cache category">freemarker.cache</td>
<td title="Message">Couldn't find template in cache for &quot;spark/partials/author.ftl&quot;(&quot;en_CA&quot;, UTF-8, parsed); will try to load it.</td>
</tr>

<tr>
<td>205</td>
<td title="main thread">main</td>
<td title="Level"><font color="#339933">DEBUG</font></td>
<td title="freemarker.cache category">freemarker.cache</td>
<td title="Message">TemplateLoader.findTemplateSource(&quot;spark/partials/author_en_CA.ftl&quot;): Not found</td>
</tr>

<tr>
<td>205</td>
<td title="main thread">main</td>
<td title="Level"><font color="#339933">DEBUG</font></td>
<td title="freemarker.cache category">freemarker.cache</td>
<td title="Message">TemplateLoader.findTemplateSource(&quot;spark/partials/author_en.ftl&quot;): Not found</td>
</tr>

<tr>
<td>205</td>
<td title="main thread">main</td>
<td title="Level"><font color="#339933">DEBUG</font></td>
<td title="freemarker.cache category">freemarker.cache</td>
<td title="Message">TemplateLoader.findTemplateSource(&quot;spark/partials/author.ftl&quot;): Found</td>
</tr>

<tr>
<td>205</td>
<td title="main thread">main</td>
<td title="Level"><font color="#339933">DEBUG</font></td>
<td title="freemarker.cache category">freemarker.cache</td>
<td title="Message">Loading template for &quot;spark/partials/author.ftl&quot;(&quot;en_CA&quot;, UTF-8, parsed) from &quot;jar:file:/C:/Windows/system32/config/systemprofile/.m2/repository/com/aventstack/extentreports/5.1.0/extentreports-5.1.0.jar!/com/aventstack/extentreports/templates/spark/partials/author.ftl&quot;</td>
</tr>

<tr>
<td>206</td>
<td title="main thread">main</td>
<td title="Level"><font color="#339933">DEBUG</font></td>
<td title="freemarker.cache category">freemarker.cache</td>
<td title="Message">Couldn't find template in cache for &quot;spark/partials/log.ftl&quot;(&quot;en_CA&quot;, UTF-8, parsed); will try to load it.</td>
</tr>

<tr>
<td>206</td>
<td title="main thread">main</td>
<td title="Level"><font color="#339933">DEBUG</font></td>
<td title="freemarker.cache category">freemarker.cache</td>
<td title="Message">TemplateLoader.findTemplateSource(&quot;spark/partials/log_en_CA.ftl&quot;): Not found</td>
</tr>

<tr>
<td>207</td>
<td title="main thread">main</td>
<td title="Level"><font color="#339933">DEBUG</font></td>
<td title="freemarker.cache category">freemarker.cache</td>
<td title="Message">TemplateLoader.findTemplateSource(&quot;spark/partials/log_en.ftl&quot;): Not found</td>
</tr>

<tr>
<td>207</td>
<td title="main thread">main</td>
<td title="Level"><font color="#339933">DEBUG</font></td>
<td title="freemarker.cache category">freemarker.cache</td>
<td title="Message">TemplateLoader.findTemplateSource(&quot;spark/partials/log.ftl&quot;): Found</td>
</tr>

<tr>
<td>207</td>
<td title="main thread">main</td>
<td title="Level"><font color="#339933">DEBUG</font></td>
<td title="freemarker.cache category">freemarker.cache</td>
<td title="Message">Loading template for &quot;spark/partials/log.ftl&quot;(&quot;en_CA&quot;, UTF-8, parsed) from &quot;jar:file:/C:/Windows/system32/config/systemprofile/.m2/repository/com/aventstack/extentreports/5.1.0/extentreports-5.1.0.jar!/com/aventstack/extentreports/templates/spark/partials/log.ftl&quot;</td>
</tr>

<tr>
<td>208</td>
<td title="main thread">main</td>
<td title="Level"><font color="#339933">DEBUG</font></td>
<td title="freemarker.cache category">freemarker.cache</td>
<td title="Message">Couldn't find template in cache for &quot;spark/partials/dashboard.ftl&quot;(&quot;en_CA&quot;, UTF-8, parsed); will try to load it.</td>
</tr>

<tr>
<td>209</td>
<td title="main thread">main</td>
<td title="Level"><font color="#339933">DEBUG</font></td>
<td title="freemarker.cache category">freemarker.cache</td>
<td title="Message">TemplateLoader.findTemplateSource(&quot;spark/partials/dashboard_en_CA.ftl&quot;): Not found</td>
</tr>

<tr>
<td>209</td>
<td title="main thread">main</td>
<td title="Level"><font color="#339933">DEBUG</font></td>
<td title="freemarker.cache category">freemarker.cache</td>
<td title="Message">TemplateLoader.findTemplateSource(&quot;spark/partials/dashboard_en.ftl&quot;): Not found</td>
</tr>

<tr>
<td>209</td>
<td title="main thread">main</td>
<td title="Level"><font color="#339933">DEBUG</font></td>
<td title="freemarker.cache category">freemarker.cache</td>
<td title="Message">TemplateLoader.findTemplateSource(&quot;spark/partials/dashboard.ftl&quot;): Found</td>
</tr>

<tr>
<td>209</td>
<td title="main thread">main</td>
<td title="Level"><font color="#339933">DEBUG</font></td>
<td title="freemarker.cache category">freemarker.cache</td>
<td title="Message">Loading template for &quot;spark/partials/dashboard.ftl&quot;(&quot;en_CA&quot;, UTF-8, parsed) from &quot;jar:file:/C:/Windows/system32/config/systemprofile/.m2/repository/com/aventstack/extentreports/5.1.0/extentreports-5.1.0.jar!/com/aventstack/extentreports/templates/spark/partials/dashboard.ftl&quot;</td>
</tr>

<tr>
<td>240</td>
<td title="main thread">main</td>
<td title="Level"><font color="#339933">DEBUG</font></td>
<td title="freemarker.cache category">freemarker.cache</td>
<td title="Message">Couldn't find template in cache for &quot;spark/partials/scripts.ftl&quot;(&quot;en_CA&quot;, UTF-8, parsed); will try to load it.</td>
</tr>

<tr>
<td>240</td>
<td title="main thread">main</td>
<td title="Level"><font color="#339933">DEBUG</font></td>
<td title="freemarker.cache category">freemarker.cache</td>
<td title="Message">TemplateLoader.findTemplateSource(&quot;spark/partials/scripts_en_CA.ftl&quot;): Not found</td>
</tr>

<tr>
<td>241</td>
<td title="main thread">main</td>
<td title="Level"><font color="#339933">DEBUG</font></td>
<td title="freemarker.cache category">freemarker.cache</td>
<td title="Message">TemplateLoader.findTemplateSource(&quot;spark/partials/scripts_en.ftl&quot;): Not found</td>
</tr>

<tr>
<td>241</td>
<td title="main thread">main</td>
<td title="Level"><font color="#339933">DEBUG</font></td>
<td title="freemarker.cache category">freemarker.cache</td>
<td title="Message">TemplateLoader.findTemplateSource(&quot;spark/partials/scripts.ftl&quot;): Found</td>
</tr>

<tr>
<td>241</td>
<td title="main thread">main</td>
<td title="Level"><font color="#339933">DEBUG</font></td>
<td title="freemarker.cache category">freemarker.cache</td>
<td title="Message">Loading template for &quot;spark/partials/scripts.ftl&quot;(&quot;en_CA&quot;, UTF-8, parsed) from &quot;jar:file:/C:/Windows/system32/config/systemprofile/.m2/repository/com/aventstack/extentreports/5.1.0/extentreports-5.1.0.jar!/com/aventstack/extentreports/templates/spark/partials/scripts.ftl&quot;</td>
</tr>

<tr>
<td>242</td>
<td title="main thread">main</td>
<td title="Level"><font color="#339933">DEBUG</font></td>
<td title="freemarker.cache category">freemarker.cache</td>
<td title="Message">Couldn't find template in cache for &quot;commons/commons-inject-js.ftl&quot;(&quot;en_CA&quot;, UTF-8, parsed); will try to load it.</td>
</tr>

<tr>
<td>242</td>
<td title="main thread">main</td>
<td title="Level"><font color="#339933">DEBUG</font></td>
<td title="freemarker.cache category">freemarker.cache</td>
<td title="Message">TemplateLoader.findTemplateSource(&quot;commons/commons-inject-js_en_CA.ftl&quot;): Not found</td>
</tr>

<tr>
<td>242</td>
<td title="main thread">main</td>
<td title="Level"><font color="#339933">DEBUG</font></td>
<td title="freemarker.cache category">freemarker.cache</td>
<td title="Message">TemplateLoader.findTemplateSource(&quot;commons/commons-inject-js_en.ftl&quot;): Not found</td>
</tr>

<tr>
<td>242</td>
<td title="main thread">main</td>
<td title="Level"><font color="#339933">DEBUG</font></td>
<td title="freemarker.cache category">freemarker.cache</td>
<td title="Message">TemplateLoader.findTemplateSource(&quot;commons/commons-inject-js.ftl&quot;): Found</td>
</tr>

<tr>
<td>242</td>
<td title="main thread">main</td>
<td title="Level"><font color="#339933">DEBUG</font></td>
<td title="freemarker.cache category">freemarker.cache</td>
<td title="Message">Loading template for &quot;commons/commons-inject-js.ftl&quot;(&quot;en_CA&quot;, UTF-8, parsed) from &quot;jar:file:/C:/Windows/system32/config/systemprofile/.m2/repository/com/aventstack/extentreports/5.1.0/extentreports-5.1.0.jar!/com/aventstack/extentreports/templates/commons/commons-inject-js.ftl&quot;</td>
</tr>
<!DOCTYPE HTML PUBLIC "-//W3C//DTD HTML 4.01 Transitional//EN" "http://www.w3.org/TR/html4/loose.dtd">
<html>
<head>
<title>Log4J Log Messages</title>
<style type="text/css">
<!--
body, table {font-family: arial,sans-serif; font-size: x-small;}
th {background: #336699; color: #FFFFFF; text-align: left;}
-->
</style>
</head>
<body bgcolor="#FFFFFF" topmargin="6" leftmargin="6">
<hr size="1" noshade>
Log session start time Fri Feb 07 15:41:03 EST 2025<br>
<br>
<table cellspacing="0" cellpadding="4" border="1" bordercolor="#224466" width="100%">
<tr>
<th>Time</th>
<th>Thread</th>
<th>Level</th>
<th>Category</th>
<th>Message</th>
</tr>

<tr>
<td>0</td>
<td title="main thread">main</td>
<td title="Level"><font color="#339933">DEBUG</font></td>
<td title="freemarker.cache category">freemarker.cache</td>
<td title="Message">Couldn't find template in cache for &quot;spark/spark.spa.ftl&quot;(&quot;en_CA&quot;, UTF-8, parsed); will try to load it.</td>
</tr>

<tr>
<td>53</td>
<td title="main thread">main</td>
<td title="Level"><font color="#339933">DEBUG</font></td>
<td title="freemarker.cache category">freemarker.cache</td>
<td title="Message">TemplateLoader.findTemplateSource(&quot;spark/spark.spa_en_CA.ftl&quot;): Not found</td>
</tr>

<tr>
<td>53</td>
<td title="main thread">main</td>
<td title="Level"><font color="#339933">DEBUG</font></td>
<td title="freemarker.cache category">freemarker.cache</td>
<td title="Message">TemplateLoader.findTemplateSource(&quot;spark/spark.spa_en.ftl&quot;): Not found</td>
</tr>

<tr>
<td>54</td>
<td title="main thread">main</td>
<td title="Level"><font color="#339933">DEBUG</font></td>
<td title="freemarker.cache category">freemarker.cache</td>
<td title="Message">TemplateLoader.findTemplateSource(&quot;spark/spark.spa.ftl&quot;): Found</td>
</tr>

<tr>
<td>54</td>
<td title="main thread">main</td>
<td title="Level"><font color="#339933">DEBUG</font></td>
<td title="freemarker.cache category">freemarker.cache</td>
<td title="Message">Loading template for &quot;spark/spark.spa.ftl&quot;(&quot;en_CA&quot;, UTF-8, parsed) from &quot;jar:file:/C:/Windows/system32/config/systemprofile/.m2/repository/com/aventstack/extentreports/5.1.0/extentreports-5.1.0.jar!/com/aventstack/extentreports/templates/spark/spark.spa.ftl&quot;</td>
</tr>

<tr>
<td>119</td>
<td title="main thread">main</td>
<td title="Level"><font color="#339933">DEBUG</font></td>
<td title="freemarker.cache category">freemarker.cache</td>
<td title="Message">Couldn't find template in cache for &quot;commons/commons-variables.ftl&quot;(&quot;en_CA&quot;, UTF-8, parsed); will try to load it.</td>
</tr>

<tr>
<td>120</td>
<td title="main thread">main</td>
<td title="Level"><font color="#339933">DEBUG</font></td>
<td title="freemarker.cache category">freemarker.cache</td>
<td title="Message">TemplateLoader.findTemplateSource(&quot;commons/commons-variables_en_CA.ftl&quot;): Not found</td>
</tr>

<tr>
<td>120</td>
<td title="main thread">main</td>
<td title="Level"><font color="#339933">DEBUG</font></td>
<td title="freemarker.cache category">freemarker.cache</td>
<td title="Message">TemplateLoader.findTemplateSource(&quot;commons/commons-variables_en.ftl&quot;): Not found</td>
</tr>

<tr>
<td>120</td>
<td title="main thread">main</td>
<td title="Level"><font color="#339933">DEBUG</font></td>
<td title="freemarker.cache category">freemarker.cache</td>
<td title="Message">TemplateLoader.findTemplateSource(&quot;commons/commons-variables.ftl&quot;): Found</td>
</tr>

<tr>
<td>120</td>
<td title="main thread">main</td>
<td title="Level"><font color="#339933">DEBUG</font></td>
<td title="freemarker.cache category">freemarker.cache</td>
<td title="Message">Loading template for &quot;commons/commons-variables.ftl&quot;(&quot;en_CA&quot;, UTF-8, parsed) from &quot;jar:file:/C:/Windows/system32/config/systemprofile/.m2/repository/com/aventstack/extentreports/5.1.0/extentreports-5.1.0.jar!/com/aventstack/extentreports/templates/commons/commons-variables.ftl&quot;</td>
</tr>

<tr>
<td>229</td>
<td title="main thread">main</td>
<td title="Level"><font color="#339933">DEBUG</font></td>
<td title="freemarker.cache category">freemarker.cache</td>
<td title="Message">Couldn't find template in cache for &quot;commons/commons-macros.ftl&quot;(&quot;en_CA&quot;, UTF-8, parsed); will try to load it.</td>
</tr>

<tr>
<td>229</td>
<td title="main thread">main</td>
<td title="Level"><font color="#339933">DEBUG</font></td>
<td title="freemarker.cache category">freemarker.cache</td>
<td title="Message">TemplateLoader.findTemplateSource(&quot;commons/commons-macros_en_CA.ftl&quot;): Not found</td>
</tr>

<tr>
<td>229</td>
<td title="main thread">main</td>
<td title="Level"><font color="#339933">DEBUG</font></td>
<td title="freemarker.cache category">freemarker.cache</td>
<td title="Message">TemplateLoader.findTemplateSource(&quot;commons/commons-macros_en.ftl&quot;): Not found</td>
</tr>

<tr>
<td>229</td>
<td title="main thread">main</td>
<td title="Level"><font color="#339933">DEBUG</font></td>
<td title="freemarker.cache category">freemarker.cache</td>
<td title="Message">TemplateLoader.findTemplateSource(&quot;commons/commons-macros.ftl&quot;): Found</td>
</tr>

<tr>
<td>229</td>
<td title="main thread">main</td>
<td title="Level"><font color="#339933">DEBUG</font></td>
<td title="freemarker.cache category">freemarker.cache</td>
<td title="Message">Loading template for &quot;commons/commons-macros.ftl&quot;(&quot;en_CA&quot;, UTF-8, parsed) from &quot;jar:file:/C:/Windows/system32/config/systemprofile/.m2/repository/com/aventstack/extentreports/5.1.0/extentreports-5.1.0.jar!/com/aventstack/extentreports/templates/commons/commons-macros.ftl&quot;</td>
</tr>

<tr>
<td>237</td>
<td title="main thread">main</td>
<td title="Level"><font color="#339933">DEBUG</font></td>
<td title="freemarker.cache category">freemarker.cache</td>
<td title="Message">Couldn't find template in cache for &quot;spark/macros/attributes.ftl&quot;(&quot;en_CA&quot;, UTF-8, parsed); will try to load it.</td>
</tr>

<tr>
<td>237</td>
<td title="main thread">main</td>
<td title="Level"><font color="#339933">DEBUG</font></td>
<td title="freemarker.cache category">freemarker.cache</td>
<td title="Message">TemplateLoader.findTemplateSource(&quot;spark/macros/attributes_en_CA.ftl&quot;): Not found</td>
</tr>

<tr>
<td>238</td>
<td title="main thread">main</td>
<td title="Level"><font color="#339933">DEBUG</font></td>
<td title="freemarker.cache category">freemarker.cache</td>
<td title="Message">TemplateLoader.findTemplateSource(&quot;spark/macros/attributes_en.ftl&quot;): Not found</td>
</tr>

<tr>
<td>238</td>
<td title="main thread">main</td>
<td title="Level"><font color="#339933">DEBUG</font></td>
<td title="freemarker.cache category">freemarker.cache</td>
<td title="Message">TemplateLoader.findTemplateSource(&quot;spark/macros/attributes.ftl&quot;): Found</td>
</tr>

<tr>
<td>238</td>
<td title="main thread">main</td>
<td title="Level"><font color="#339933">DEBUG</font></td>
<td title="freemarker.cache category">freemarker.cache</td>
<td title="Message">Loading template for &quot;spark/macros/attributes.ftl&quot;(&quot;en_CA&quot;, UTF-8, parsed) from &quot;jar:file:/C:/Windows/system32/config/systemprofile/.m2/repository/com/aventstack/extentreports/5.1.0/extentreports-5.1.0.jar!/com/aventstack/extentreports/templates/spark/macros/attributes.ftl&quot;</td>
</tr>

<tr>
<td>239</td>
<td title="main thread">main</td>
<td title="Level"><font color="#339933">DEBUG</font></td>
<td title="freemarker.cache category">freemarker.cache</td>
<td title="Message">Couldn't find template in cache for &quot;spark/macros/log.ftl&quot;(&quot;en_CA&quot;, UTF-8, parsed); will try to load it.</td>
</tr>

<tr>
<td>240</td>
<td title="main thread">main</td>
<td title="Level"><font color="#339933">DEBUG</font></td>
<td title="freemarker.cache category">freemarker.cache</td>
<td title="Message">TemplateLoader.findTemplateSource(&quot;spark/macros/log_en_CA.ftl&quot;): Not found</td>
</tr>

<tr>
<td>240</td>
<td title="main thread">main</td>
<td title="Level"><font color="#339933">DEBUG</font></td>
<td title="freemarker.cache category">freemarker.cache</td>
<td title="Message">TemplateLoader.findTemplateSource(&quot;spark/macros/log_en.ftl&quot;): Not found</td>
</tr>

<tr>
<td>240</td>
<td title="main thread">main</td>
<td title="Level"><font color="#339933">DEBUG</font></td>
<td title="freemarker.cache category">freemarker.cache</td>
<td title="Message">TemplateLoader.findTemplateSource(&quot;spark/macros/log.ftl&quot;): Found</td>
</tr>

<tr>
<td>241</td>
<td title="main thread">main</td>
<td title="Level"><font color="#339933">DEBUG</font></td>
<td title="freemarker.cache category">freemarker.cache</td>
<td title="Message">Loading template for &quot;spark/macros/log.ftl&quot;(&quot;en_CA&quot;, UTF-8, parsed) from &quot;jar:file:/C:/Windows/system32/config/systemprofile/.m2/repository/com/aventstack/extentreports/5.1.0/extentreports-5.1.0.jar!/com/aventstack/extentreports/templates/spark/macros/log.ftl&quot;</td>
</tr>

<tr>
<td>243</td>
<td title="main thread">main</td>
<td title="Level"><font color="#339933">DEBUG</font></td>
<td title="freemarker.cache category">freemarker.cache</td>
<td title="Message">Couldn't find template in cache for &quot;spark/macros/recurse_nodes.ftl&quot;(&quot;en_CA&quot;, UTF-8, parsed); will try to load it.</td>
</tr>

<tr>
<td>244</td>
<td title="main thread">main</td>
<td title="Level"><font color="#339933">DEBUG</font></td>
<td title="freemarker.cache category">freemarker.cache</td>
<td title="Message">TemplateLoader.findTemplateSource(&quot;spark/macros/recurse_nodes_en_CA.ftl&quot;): Not found</td>
</tr>

<tr>
<td>244</td>
<td title="main thread">main</td>
<td title="Level"><font color="#339933">DEBUG</font></td>
<td title="freemarker.cache category">freemarker.cache</td>
<td title="Message">TemplateLoader.findTemplateSource(&quot;spark/macros/recurse_nodes_en.ftl&quot;): Not found</td>
</tr>

<tr>
<td>244</td>
<td title="main thread">main</td>
<td title="Level"><font color="#339933">DEBUG</font></td>
<td title="freemarker.cache category">freemarker.cache</td>
<td title="Message">TemplateLoader.findTemplateSource(&quot;spark/macros/recurse_nodes.ftl&quot;): Found</td>
</tr>

<tr>
<td>244</td>
<td title="main thread">main</td>
<td title="Level"><font color="#339933">DEBUG</font></td>
<td title="freemarker.cache category">freemarker.cache</td>
<td title="Message">Loading template for &quot;spark/macros/recurse_nodes.ftl&quot;(&quot;en_CA&quot;, UTF-8, parsed) from &quot;jar:file:/C:/Windows/system32/config/systemprofile/.m2/repository/com/aventstack/extentreports/5.1.0/extentreports-5.1.0.jar!/com/aventstack/extentreports/templates/spark/macros/recurse_nodes.ftl&quot;</td>
</tr>

<tr>
<td>248</td>
<td title="main thread">main</td>
<td title="Level"><font color="#339933">DEBUG</font></td>
<td title="freemarker.cache category">freemarker.cache</td>
<td title="Message">&quot;spark/macros/log.ftl&quot;(&quot;en_CA&quot;, UTF-8, parsed) cached copy not yet stale; using cached.</td>
</tr>

<tr>
<td>248</td>
<td title="main thread">main</td>
<td title="Level"><font color="#339933">DEBUG</font></td>
<td title="freemarker.cache category">freemarker.cache</td>
<td title="Message">Couldn't find template in cache for &quot;spark/macros/attr-common.ftl&quot;(&quot;en_CA&quot;, UTF-8, parsed); will try to load it.</td>
</tr>

<tr>
<td>248</td>
<td title="main thread">main</td>
<td title="Level"><font color="#339933">DEBUG</font></td>
<td title="freemarker.cache category">freemarker.cache</td>
<td title="Message">TemplateLoader.findTemplateSource(&quot;spark/macros/attr-common_en_CA.ftl&quot;): Not found</td>
</tr>

<tr>
<td>249</td>
<td title="main thread">main</td>
<td title="Level"><font color="#339933">DEBUG</font></td>
<td title="freemarker.cache category">freemarker.cache</td>
<td title="Message">TemplateLoader.findTemplateSource(&quot;spark/macros/attr-common_en.ftl&quot;): Not found</td>
</tr>

<tr>
<td>249</td>
<td title="main thread">main</td>
<td title="Level"><font color="#339933">DEBUG</font></td>
<td title="freemarker.cache category">freemarker.cache</td>
<td title="Message">TemplateLoader.findTemplateSource(&quot;spark/macros/attr-common.ftl&quot;): Found</td>
</tr>

<tr>
<td>249</td>
<td title="main thread">main</td>
<td title="Level"><font color="#339933">DEBUG</font></td>
<td title="freemarker.cache category">freemarker.cache</td>
<td title="Message">Loading template for &quot;spark/macros/attr-common.ftl&quot;(&quot;en_CA&quot;, UTF-8, parsed) from &quot;jar:file:/C:/Windows/system32/config/systemprofile/.m2/repository/com/aventstack/extentreports/5.1.0/extentreports-5.1.0.jar!/com/aventstack/extentreports/templates/spark/macros/attr-common.ftl&quot;</td>
</tr>

<tr>
<td>259</td>
<td title="main thread">main</td>
<td title="Level"><font color="#339933">DEBUG</font></td>
<td title="freemarker.cache category">freemarker.cache</td>
<td title="Message">Couldn't find template in cache for &quot;spark/partials/head.ftl&quot;(&quot;en_CA&quot;, UTF-8, parsed); will try to load it.</td>
</tr>

<tr>
<td>259</td>
<td title="main thread">main</td>
<td title="Level"><font color="#339933">DEBUG</font></td>
<td title="freemarker.cache category">freemarker.cache</td>
<td title="Message">TemplateLoader.findTemplateSource(&quot;spark/partials/head_en_CA.ftl&quot;): Not found</td>
</tr>

<tr>
<td>259</td>
<td title="main thread">main</td>
<td title="Level"><font color="#339933">DEBUG</font></td>
<td title="freemarker.cache category">freemarker.cache</td>
<td title="Message">TemplateLoader.findTemplateSource(&quot;spark/partials/head_en.ftl&quot;): Not found</td>
</tr>

<tr>
<td>260</td>
<td title="main thread">main</td>
<td title="Level"><font color="#339933">DEBUG</font></td>
<td title="freemarker.cache category">freemarker.cache</td>
<td title="Message">TemplateLoader.findTemplateSource(&quot;spark/partials/head.ftl&quot;): Found</td>
</tr>

<tr>
<td>260</td>
<td title="main thread">main</td>
<td title="Level"><font color="#339933">DEBUG</font></td>
<td title="freemarker.cache category">freemarker.cache</td>
<td title="Message">Loading template for &quot;spark/partials/head.ftl&quot;(&quot;en_CA&quot;, UTF-8, parsed) from &quot;jar:file:/C:/Windows/system32/config/systemprofile/.m2/repository/com/aventstack/extentreports/5.1.0/extentreports-5.1.0.jar!/com/aventstack/extentreports/templates/spark/partials/head.ftl&quot;</td>
</tr>

<tr>
<td>265</td>
<td title="main thread">main</td>
<td title="Level"><font color="#339933">DEBUG</font></td>
<td title="freemarker.cache category">freemarker.cache</td>
<td title="Message">Couldn't find template in cache for &quot;commons/commons-inject-css.ftl&quot;(&quot;en_CA&quot;, UTF-8, parsed); will try to load it.</td>
</tr>

<tr>
<td>265</td>
<td title="main thread">main</td>
<td title="Level"><font color="#339933">DEBUG</font></td>
<td title="freemarker.cache category">freemarker.cache</td>
<td title="Message">TemplateLoader.findTemplateSource(&quot;commons/commons-inject-css_en_CA.ftl&quot;): Not found</td>
</tr>

<tr>
<td>266</td>
<td title="main thread">main</td>
<td title="Level"><font color="#339933">DEBUG</font></td>
<td title="freemarker.cache category">freemarker.cache</td>
<td title="Message">TemplateLoader.findTemplateSource(&quot;commons/commons-inject-css_en.ftl&quot;): Not found</td>
</tr>

<tr>
<td>266</td>
<td title="main thread">main</td>
<td title="Level"><font color="#339933">DEBUG</font></td>
<td title="freemarker.cache category">freemarker.cache</td>
<td title="Message">TemplateLoader.findTemplateSource(&quot;commons/commons-inject-css.ftl&quot;): Found</td>
</tr>

<tr>
<td>266</td>
<td title="main thread">main</td>
<td title="Level"><font color="#339933">DEBUG</font></td>
<td title="freemarker.cache category">freemarker.cache</td>
<td title="Message">Loading template for &quot;commons/commons-inject-css.ftl&quot;(&quot;en_CA&quot;, UTF-8, parsed) from &quot;jar:file:/C:/Windows/system32/config/systemprofile/.m2/repository/com/aventstack/extentreports/5.1.0/extentreports-5.1.0.jar!/com/aventstack/extentreports/templates/commons/commons-inject-css.ftl&quot;</td>
</tr>

<tr>
<td>268</td>
<td title="main thread">main</td>
<td title="Level"><font color="#339933">DEBUG</font></td>
<td title="freemarker.cache category">freemarker.cache</td>
<td title="Message">Couldn't find template in cache for &quot;spark/partials/navbar.ftl&quot;(&quot;en_CA&quot;, UTF-8, parsed); will try to load it.</td>
</tr>

<tr>
<td>269</td>
<td title="main thread">main</td>
<td title="Level"><font color="#339933">DEBUG</font></td>
<td title="freemarker.cache category">freemarker.cache</td>
<td title="Message">TemplateLoader.findTemplateSource(&quot;spark/partials/navbar_en_CA.ftl&quot;): Not found</td>
</tr>

<tr>
<td>269</td>
<td title="main thread">main</td>
<td title="Level"><font color="#339933">DEBUG</font></td>
<td title="freemarker.cache category">freemarker.cache</td>
<td title="Message">TemplateLoader.findTemplateSource(&quot;spark/partials/navbar_en.ftl&quot;): Not found</td>
</tr>

<tr>
<td>269</td>
<td title="main thread">main</td>
<td title="Level"><font color="#339933">DEBUG</font></td>
<td title="freemarker.cache category">freemarker.cache</td>
<td title="Message">TemplateLoader.findTemplateSource(&quot;spark/partials/navbar.ftl&quot;): Found</td>
</tr>

<tr>
<td>269</td>
<td title="main thread">main</td>
<td title="Level"><font color="#339933">DEBUG</font></td>
<td title="freemarker.cache category">freemarker.cache</td>
<td title="Message">Loading template for &quot;spark/partials/navbar.ftl&quot;(&quot;en_CA&quot;, UTF-8, parsed) from &quot;jar:file:/C:/Windows/system32/config/systemprofile/.m2/repository/com/aventstack/extentreports/5.1.0/extentreports-5.1.0.jar!/com/aventstack/extentreports/templates/spark/partials/navbar.ftl&quot;</td>
</tr>

<tr>
<td>278</td>
<td title="main thread">main</td>
<td title="Level"><font color="#339933">DEBUG</font></td>
<td title="freemarker.cache category">freemarker.cache</td>
<td title="Message">Couldn't find template in cache for &quot;spark/partials/sidenav.ftl&quot;(&quot;en_CA&quot;, UTF-8, parsed); will try to load it.</td>
</tr>

<tr>
<td>279</td>
<td title="main thread">main</td>
<td title="Level"><font color="#339933">DEBUG</font></td>
<td title="freemarker.cache category">freemarker.cache</td>
<td title="Message">TemplateLoader.findTemplateSource(&quot;spark/partials/sidenav_en_CA.ftl&quot;): Not found</td>
</tr>

<tr>
<td>279</td>
<td title="main thread">main</td>
<td title="Level"><font color="#339933">DEBUG</font></td>
<td title="freemarker.cache category">freemarker.cache</td>
<td title="Message">TemplateLoader.findTemplateSource(&quot;spark/partials/sidenav_en.ftl&quot;): Not found</td>
</tr>

<tr>
<td>280</td>
<td title="main thread">main</td>
<td title="Level"><font color="#339933">DEBUG</font></td>
<td title="freemarker.cache category">freemarker.cache</td>
<td title="Message">TemplateLoader.findTemplateSource(&quot;spark/partials/sidenav.ftl&quot;): Found</td>
</tr>

<tr>
<td>280</td>
<td title="main thread">main</td>
<td title="Level"><font color="#339933">DEBUG</font></td>
<td title="freemarker.cache category">freemarker.cache</td>
<td title="Message">Loading template for &quot;spark/partials/sidenav.ftl&quot;(&quot;en_CA&quot;, UTF-8, parsed) from &quot;jar:file:/C:/Windows/system32/config/systemprofile/.m2/repository/com/aventstack/extentreports/5.1.0/extentreports-5.1.0.jar!/com/aventstack/extentreports/templates/spark/partials/sidenav.ftl&quot;</td>
</tr>

<tr>
<td>294</td>
<td title="main thread">main</td>
<td title="Level"><font color="#339933">DEBUG</font></td>
<td title="freemarker.cache category">freemarker.cache</td>
<td title="Message">Couldn't find template in cache for &quot;spark/partials/test.ftl&quot;(&quot;en_CA&quot;, UTF-8, parsed); will try to load it.</td>
</tr>

<tr>
<td>294</td>
<td title="main thread">main</td>
<td title="Level"><font color="#339933">DEBUG</font></td>
<td title="freemarker.cache category">freemarker.cache</td>
<td title="Message">TemplateLoader.findTemplateSource(&quot;spark/partials/test_en_CA.ftl&quot;): Not found</td>
</tr>

<tr>
<td>294</td>
<td title="main thread">main</td>
<td title="Level"><font color="#339933">DEBUG</font></td>
<td title="freemarker.cache category">freemarker.cache</td>
<td title="Message">TemplateLoader.findTemplateSource(&quot;spark/partials/test_en.ftl&quot;): Not found</td>
</tr>

<tr>
<td>295</td>
<td title="main thread">main</td>
<td title="Level"><font color="#339933">DEBUG</font></td>
<td title="freemarker.cache category">freemarker.cache</td>
<td title="Message">TemplateLoader.findTemplateSource(&quot;spark/partials/test.ftl&quot;): Found</td>
</tr>

<tr>
<td>295</td>
<td title="main thread">main</td>
<td title="Level"><font color="#339933">DEBUG</font></td>
<td title="freemarker.cache category">freemarker.cache</td>
<td title="Message">Loading template for &quot;spark/partials/test.ftl&quot;(&quot;en_CA&quot;, UTF-8, parsed) from &quot;jar:file:/C:/Windows/system32/config/systemprofile/.m2/repository/com/aventstack/extentreports/5.1.0/extentreports-5.1.0.jar!/com/aventstack/extentreports/templates/spark/partials/test.ftl&quot;</td>
</tr>

<tr>
<td>312</td>
<td title="main thread">main</td>
<td title="Level"><font color="#339933">DEBUG</font></td>
<td title="freemarker.cache category">freemarker.cache</td>
<td title="Message">Couldn't find template in cache for &quot;spark/partials/standard-content.ftl&quot;(&quot;en_CA&quot;, UTF-8, parsed); will try to load it.</td>
</tr>

<tr>
<td>313</td>
<td title="main thread">main</td>
<td title="Level"><font color="#339933">DEBUG</font></td>
<td title="freemarker.cache category">freemarker.cache</td>
<td title="Message">TemplateLoader.findTemplateSource(&quot;spark/partials/standard-content_en_CA.ftl&quot;): Not found</td>
</tr>

<tr>
<td>313</td>
<td title="main thread">main</td>
<td title="Level"><font color="#339933">DEBUG</font></td>
<td title="freemarker.cache category">freemarker.cache</td>
<td title="Message">TemplateLoader.findTemplateSource(&quot;spark/partials/standard-content_en.ftl&quot;): Not found</td>
</tr>

<tr>
<td>313</td>
<td title="main thread">main</td>
<td title="Level"><font color="#339933">DEBUG</font></td>
<td title="freemarker.cache category">freemarker.cache</td>
<td title="Message">TemplateLoader.findTemplateSource(&quot;spark/partials/standard-content.ftl&quot;): Found</td>
</tr>

<tr>
<td>313</td>
<td title="main thread">main</td>
<td title="Level"><font color="#339933">DEBUG</font></td>
<td title="freemarker.cache category">freemarker.cache</td>
<td title="Message">Loading template for &quot;spark/partials/standard-content.ftl&quot;(&quot;en_CA&quot;, UTF-8, parsed) from &quot;jar:file:/C:/Windows/system32/config/systemprofile/.m2/repository/com/aventstack/extentreports/5.1.0/extentreports-5.1.0.jar!/com/aventstack/extentreports/templates/spark/partials/standard-content.ftl&quot;</td>
</tr>

<tr>
<td>321</td>
<td title="main thread">main</td>
<td title="Level"><font color="#339933">DEBUG</font></td>
<td title="freemarker.cache category">freemarker.cache</td>
<td title="Message">&quot;spark/partials/standard-content.ftl&quot;(&quot;en_CA&quot;, UTF-8, parsed) cached copy not yet stale; using cached.</td>
</tr>

<tr>
<td>322</td>
<td title="main thread">main</td>
<td title="Level"><font color="#339933">DEBUG</font></td>
<td title="freemarker.cache category">freemarker.cache</td>
<td title="Message">&quot;spark/partials/standard-content.ftl&quot;(&quot;en_CA&quot;, UTF-8, parsed) cached copy not yet stale; using cached.</td>
</tr>

<tr>
<td>323</td>
<td title="main thread">main</td>
<td title="Level"><font color="#339933">DEBUG</font></td>
<td title="freemarker.cache category">freemarker.cache</td>
<td title="Message">&quot;spark/partials/standard-content.ftl&quot;(&quot;en_CA&quot;, UTF-8, parsed) cached copy not yet stale; using cached.</td>
</tr>

<tr>
<td>325</td>
<td title="main thread">main</td>
<td title="Level"><font color="#339933">DEBUG</font></td>
<td title="freemarker.cache category">freemarker.cache</td>
<td title="Message">&quot;spark/partials/standard-content.ftl&quot;(&quot;en_CA&quot;, UTF-8, parsed) cached copy not yet stale; using cached.</td>
</tr>

<tr>
<td>326</td>
<td title="main thread">main</td>
<td title="Level"><font color="#339933">DEBUG</font></td>
<td title="freemarker.cache category">freemarker.cache</td>
<td title="Message">&quot;spark/partials/standard-content.ftl&quot;(&quot;en_CA&quot;, UTF-8, parsed) cached copy not yet stale; using cached.</td>
</tr>

<tr>
<td>327</td>
<td title="main thread">main</td>
<td title="Level"><font color="#339933">DEBUG</font></td>
<td title="freemarker.cache category">freemarker.cache</td>
<td title="Message">&quot;spark/partials/standard-content.ftl&quot;(&quot;en_CA&quot;, UTF-8, parsed) cached copy not yet stale; using cached.</td>
</tr>

<tr>
<td>328</td>
<td title="main thread">main</td>
<td title="Level"><font color="#339933">DEBUG</font></td>
<td title="freemarker.cache category">freemarker.cache</td>
<td title="Message">&quot;spark/partials/standard-content.ftl&quot;(&quot;en_CA&quot;, UTF-8, parsed) cached copy not yet stale; using cached.</td>
</tr>

<tr>
<td>329</td>
<td title="main thread">main</td>
<td title="Level"><font color="#339933">DEBUG</font></td>
<td title="freemarker.cache category">freemarker.cache</td>
<td title="Message">&quot;spark/partials/standard-content.ftl&quot;(&quot;en_CA&quot;, UTF-8, parsed) cached copy not yet stale; using cached.</td>
</tr>

<tr>
<td>330</td>
<td title="main thread">main</td>
<td title="Level"><font color="#339933">DEBUG</font></td>
<td title="freemarker.cache category">freemarker.cache</td>
<td title="Message">&quot;spark/partials/standard-content.ftl&quot;(&quot;en_CA&quot;, UTF-8, parsed) cached copy not yet stale; using cached.</td>
</tr>

<tr>
<td>331</td>
<td title="main thread">main</td>
<td title="Level"><font color="#339933">DEBUG</font></td>
<td title="freemarker.cache category">freemarker.cache</td>
<td title="Message">&quot;spark/partials/standard-content.ftl&quot;(&quot;en_CA&quot;, UTF-8, parsed) cached copy not yet stale; using cached.</td>
</tr>

<tr>
<td>332</td>
<td title="main thread">main</td>
<td title="Level"><font color="#339933">DEBUG</font></td>
<td title="freemarker.cache category">freemarker.cache</td>
<td title="Message">&quot;spark/partials/standard-content.ftl&quot;(&quot;en_CA&quot;, UTF-8, parsed) cached copy not yet stale; using cached.</td>
</tr>

<tr>
<td>333</td>
<td title="main thread">main</td>
<td title="Level"><font color="#339933">DEBUG</font></td>
<td title="freemarker.cache category">freemarker.cache</td>
<td title="Message">&quot;spark/partials/standard-content.ftl&quot;(&quot;en_CA&quot;, UTF-8, parsed) cached copy not yet stale; using cached.</td>
</tr>

<tr>
<td>335</td>
<td title="main thread">main</td>
<td title="Level"><font color="#339933">DEBUG</font></td>
<td title="freemarker.cache category">freemarker.cache</td>
<td title="Message">&quot;spark/partials/standard-content.ftl&quot;(&quot;en_CA&quot;, UTF-8, parsed) cached copy not yet stale; using cached.</td>
</tr>

<tr>
<td>336</td>
<td title="main thread">main</td>
<td title="Level"><font color="#339933">DEBUG</font></td>
<td title="freemarker.cache category">freemarker.cache</td>
<td title="Message">&quot;spark/partials/standard-content.ftl&quot;(&quot;en_CA&quot;, UTF-8, parsed) cached copy not yet stale; using cached.</td>
</tr>

<tr>
<td>337</td>
<td title="main thread">main</td>
<td title="Level"><font color="#339933">DEBUG</font></td>
<td title="freemarker.cache category">freemarker.cache</td>
<td title="Message">&quot;spark/partials/standard-content.ftl&quot;(&quot;en_CA&quot;, UTF-8, parsed) cached copy not yet stale; using cached.</td>
</tr>

<tr>
<td>337</td>
<td title="main thread">main</td>
<td title="Level"><font color="#339933">DEBUG</font></td>
<td title="freemarker.cache category">freemarker.cache</td>
<td title="Message">&quot;spark/partials/standard-content.ftl&quot;(&quot;en_CA&quot;, UTF-8, parsed) cached copy not yet stale; using cached.</td>
</tr>

<tr>
<td>338</td>
<td title="main thread">main</td>
<td title="Level"><font color="#339933">DEBUG</font></td>
<td title="freemarker.cache category">freemarker.cache</td>
<td title="Message">&quot;spark/partials/standard-content.ftl&quot;(&quot;en_CA&quot;, UTF-8, parsed) cached copy not yet stale; using cached.</td>
</tr>

<tr>
<td>340</td>
<td title="main thread">main</td>
<td title="Level"><font color="#339933">DEBUG</font></td>
<td title="freemarker.cache category">freemarker.cache</td>
<td title="Message">&quot;spark/partials/standard-content.ftl&quot;(&quot;en_CA&quot;, UTF-8, parsed) cached copy not yet stale; using cached.</td>
</tr>

<tr>
<td>345</td>
<td title="main thread">main</td>
<td title="Level"><font color="#339933">DEBUG</font></td>
<td title="freemarker.cache category">freemarker.cache</td>
<td title="Message">Couldn't find template in cache for &quot;spark/partials/exception.ftl&quot;(&quot;en_CA&quot;, UTF-8, parsed); will try to load it.</td>
</tr>

<tr>
<td>346</td>
<td title="main thread">main</td>
<td title="Level"><font color="#339933">DEBUG</font></td>
<td title="freemarker.cache category">freemarker.cache</td>
<td title="Message">TemplateLoader.findTemplateSource(&quot;spark/partials/exception_en_CA.ftl&quot;): Not found</td>
</tr>

<tr>
<td>346</td>
<td title="main thread">main</td>
<td title="Level"><font color="#339933">DEBUG</font></td>
<td title="freemarker.cache category">freemarker.cache</td>
<td title="Message">TemplateLoader.findTemplateSource(&quot;spark/partials/exception_en.ftl&quot;): Not found</td>
</tr>

<tr>
<td>347</td>
<td title="main thread">main</td>
<td title="Level"><font color="#339933">DEBUG</font></td>
<td title="freemarker.cache category">freemarker.cache</td>
<td title="Message">TemplateLoader.findTemplateSource(&quot;spark/partials/exception.ftl&quot;): Found</td>
</tr>

<tr>
<td>347</td>
<td title="main thread">main</td>
<td title="Level"><font color="#339933">DEBUG</font></td>
<td title="freemarker.cache category">freemarker.cache</td>
<td title="Message">Loading template for &quot;spark/partials/exception.ftl&quot;(&quot;en_CA&quot;, UTF-8, parsed) from &quot;jar:file:/C:/Windows/system32/config/systemprofile/.m2/repository/com/aventstack/extentreports/5.1.0/extentreports-5.1.0.jar!/com/aventstack/extentreports/templates/spark/partials/exception.ftl&quot;</td>
</tr>

<tr>
<td>349</td>
<td title="main thread">main</td>
<td title="Level"><font color="#339933">DEBUG</font></td>
<td title="freemarker.cache category">freemarker.cache</td>
<td title="Message">Couldn't find template in cache for &quot;spark/partials/category.ftl&quot;(&quot;en_CA&quot;, UTF-8, parsed); will try to load it.</td>
</tr>

<tr>
<td>349</td>
<td title="main thread">main</td>
<td title="Level"><font color="#339933">DEBUG</font></td>
<td title="freemarker.cache category">freemarker.cache</td>
<td title="Message">TemplateLoader.findTemplateSource(&quot;spark/partials/category_en_CA.ftl&quot;): Not found</td>
</tr>

<tr>
<td>350</td>
<td title="main thread">main</td>
<td title="Level"><font color="#339933">DEBUG</font></td>
<td title="freemarker.cache category">freemarker.cache</td>
<td title="Message">TemplateLoader.findTemplateSource(&quot;spark/partials/category_en.ftl&quot;): Not found</td>
</tr>

<tr>
<td>350</td>
<td title="main thread">main</td>
<td title="Level"><font color="#339933">DEBUG</font></td>
<td title="freemarker.cache category">freemarker.cache</td>
<td title="Message">TemplateLoader.findTemplateSource(&quot;spark/partials/category.ftl&quot;): Found</td>
</tr>

<tr>
<td>350</td>
<td title="main thread">main</td>
<td title="Level"><font color="#339933">DEBUG</font></td>
<td title="freemarker.cache category">freemarker.cache</td>
<td title="Message">Loading template for &quot;spark/partials/category.ftl&quot;(&quot;en_CA&quot;, UTF-8, parsed) from &quot;jar:file:/C:/Windows/system32/config/systemprofile/.m2/repository/com/aventstack/extentreports/5.1.0/extentreports-5.1.0.jar!/com/aventstack/extentreports/templates/spark/partials/category.ftl&quot;</td>
</tr>

<tr>
<td>352</td>
<td title="main thread">main</td>
<td title="Level"><font color="#339933">DEBUG</font></td>
<td title="freemarker.cache category">freemarker.cache</td>
<td title="Message">Couldn't find template in cache for &quot;spark/partials/device.ftl&quot;(&quot;en_CA&quot;, UTF-8, parsed); will try to load it.</td>
</tr>

<tr>
<td>352</td>
<td title="main thread">main</td>
<td title="Level"><font color="#339933">DEBUG</font></td>
<td title="freemarker.cache category">freemarker.cache</td>
<td title="Message">TemplateLoader.findTemplateSource(&quot;spark/partials/device_en_CA.ftl&quot;): Not found</td>
</tr>

<tr>
<td>352</td>
<td title="main thread">main</td>
<td title="Level"><font color="#339933">DEBUG</font></td>
<td title="freemarker.cache category">freemarker.cache</td>
<td title="Message">TemplateLoader.findTemplateSource(&quot;spark/partials/device_en.ftl&quot;): Not found</td>
</tr>

<tr>
<td>352</td>
<td title="main thread">main</td>
<td title="Level"><font color="#339933">DEBUG</font></td>
<td title="freemarker.cache category">freemarker.cache</td>
<td title="Message">TemplateLoader.findTemplateSource(&quot;spark/partials/device.ftl&quot;): Found</td>
</tr>

<tr>
<td>352</td>
<td title="main thread">main</td>
<td title="Level"><font color="#339933">DEBUG</font></td>
<td title="freemarker.cache category">freemarker.cache</td>
<td title="Message">Loading template for &quot;spark/partials/device.ftl&quot;(&quot;en_CA&quot;, UTF-8, parsed) from &quot;jar:file:/C:/Windows/system32/config/systemprofile/.m2/repository/com/aventstack/extentreports/5.1.0/extentreports-5.1.0.jar!/com/aventstack/extentreports/templates/spark/partials/device.ftl&quot;</td>
</tr>

<tr>
<td>353</td>
<td title="main thread">main</td>
<td title="Level"><font color="#339933">DEBUG</font></td>
<td title="freemarker.cache category">freemarker.cache</td>
<td title="Message">Couldn't find template in cache for &quot;spark/partials/author.ftl&quot;(&quot;en_CA&quot;, UTF-8, parsed); will try to load it.</td>
</tr>

<tr>
<td>354</td>
<td title="main thread">main</td>
<td title="Level"><font color="#339933">DEBUG</font></td>
<td title="freemarker.cache category">freemarker.cache</td>
<td title="Message">TemplateLoader.findTemplateSource(&quot;spark/partials/author_en_CA.ftl&quot;): Not found</td>
</tr>

<tr>
<td>354</td>
<td title="main thread">main</td>
<td title="Level"><font color="#339933">DEBUG</font></td>
<td title="freemarker.cache category">freemarker.cache</td>
<td title="Message">TemplateLoader.findTemplateSource(&quot;spark/partials/author_en.ftl&quot;): Not found</td>
</tr>

<tr>
<td>354</td>
<td title="main thread">main</td>
<td title="Level"><font color="#339933">DEBUG</font></td>
<td title="freemarker.cache category">freemarker.cache</td>
<td title="Message">TemplateLoader.findTemplateSource(&quot;spark/partials/author.ftl&quot;): Found</td>
</tr>

<tr>
<td>354</td>
<td title="main thread">main</td>
<td title="Level"><font color="#339933">DEBUG</font></td>
<td title="freemarker.cache category">freemarker.cache</td>
<td title="Message">Loading template for &quot;spark/partials/author.ftl&quot;(&quot;en_CA&quot;, UTF-8, parsed) from &quot;jar:file:/C:/Windows/system32/config/systemprofile/.m2/repository/com/aventstack/extentreports/5.1.0/extentreports-5.1.0.jar!/com/aventstack/extentreports/templates/spark/partials/author.ftl&quot;</td>
</tr>

<tr>
<td>356</td>
<td title="main thread">main</td>
<td title="Level"><font color="#339933">DEBUG</font></td>
<td title="freemarker.cache category">freemarker.cache</td>
<td title="Message">Couldn't find template in cache for &quot;spark/partials/log.ftl&quot;(&quot;en_CA&quot;, UTF-8, parsed); will try to load it.</td>
</tr>

<tr>
<td>356</td>
<td title="main thread">main</td>
<td title="Level"><font color="#339933">DEBUG</font></td>
<td title="freemarker.cache category">freemarker.cache</td>
<td title="Message">TemplateLoader.findTemplateSource(&quot;spark/partials/log_en_CA.ftl&quot;): Not found</td>
</tr>

<tr>
<td>356</td>
<td title="main thread">main</td>
<td title="Level"><font color="#339933">DEBUG</font></td>
<td title="freemarker.cache category">freemarker.cache</td>
<td title="Message">TemplateLoader.findTemplateSource(&quot;spark/partials/log_en.ftl&quot;): Not found</td>
</tr>

<tr>
<td>357</td>
<td title="main thread">main</td>
<td title="Level"><font color="#339933">DEBUG</font></td>
<td title="freemarker.cache category">freemarker.cache</td>
<td title="Message">TemplateLoader.findTemplateSource(&quot;spark/partials/log.ftl&quot;): Found</td>
</tr>

<tr>
<td>357</td>
<td title="main thread">main</td>
<td title="Level"><font color="#339933">DEBUG</font></td>
<td title="freemarker.cache category">freemarker.cache</td>
<td title="Message">Loading template for &quot;spark/partials/log.ftl&quot;(&quot;en_CA&quot;, UTF-8, parsed) from &quot;jar:file:/C:/Windows/system32/config/systemprofile/.m2/repository/com/aventstack/extentreports/5.1.0/extentreports-5.1.0.jar!/com/aventstack/extentreports/templates/spark/partials/log.ftl&quot;</td>
</tr>

<tr>
<td>359</td>
<td title="main thread">main</td>
<td title="Level"><font color="#339933">DEBUG</font></td>
<td title="freemarker.cache category">freemarker.cache</td>
<td title="Message">Couldn't find template in cache for &quot;spark/partials/dashboard.ftl&quot;(&quot;en_CA&quot;, UTF-8, parsed); will try to load it.</td>
</tr>

<tr>
<td>359</td>
<td title="main thread">main</td>
<td title="Level"><font color="#339933">DEBUG</font></td>
<td title="freemarker.cache category">freemarker.cache</td>
<td title="Message">TemplateLoader.findTemplateSource(&quot;spark/partials/dashboard_en_CA.ftl&quot;): Not found</td>
</tr>

<tr>
<td>360</td>
<td title="main thread">main</td>
<td title="Level"><font color="#339933">DEBUG</font></td>
<td title="freemarker.cache category">freemarker.cache</td>
<td title="Message">TemplateLoader.findTemplateSource(&quot;spark/partials/dashboard_en.ftl&quot;): Not found</td>
</tr>

<tr>
<td>360</td>
<td title="main thread">main</td>
<td title="Level"><font color="#339933">DEBUG</font></td>
<td title="freemarker.cache category">freemarker.cache</td>
<td title="Message">TemplateLoader.findTemplateSource(&quot;spark/partials/dashboard.ftl&quot;): Found</td>
</tr>

<tr>
<td>360</td>
<td title="main thread">main</td>
<td title="Level"><font color="#339933">DEBUG</font></td>
<td title="freemarker.cache category">freemarker.cache</td>
<td title="Message">Loading template for &quot;spark/partials/dashboard.ftl&quot;(&quot;en_CA&quot;, UTF-8, parsed) from &quot;jar:file:/C:/Windows/system32/config/systemprofile/.m2/repository/com/aventstack/extentreports/5.1.0/extentreports-5.1.0.jar!/com/aventstack/extentreports/templates/spark/partials/dashboard.ftl&quot;</td>
</tr>

<tr>
<td>404</td>
<td title="main thread">main</td>
<td title="Level"><font color="#339933">DEBUG</font></td>
<td title="freemarker.cache category">freemarker.cache</td>
<td title="Message">Couldn't find template in cache for &quot;spark/partials/scripts.ftl&quot;(&quot;en_CA&quot;, UTF-8, parsed); will try to load it.</td>
</tr>

<tr>
<td>404</td>
<td title="main thread">main</td>
<td title="Level"><font color="#339933">DEBUG</font></td>
<td title="freemarker.cache category">freemarker.cache</td>
<td title="Message">TemplateLoader.findTemplateSource(&quot;spark/partials/scripts_en_CA.ftl&quot;): Not found</td>
</tr>

<tr>
<td>405</td>
<td title="main thread">main</td>
<td title="Level"><font color="#339933">DEBUG</font></td>
<td title="freemarker.cache category">freemarker.cache</td>
<td title="Message">TemplateLoader.findTemplateSource(&quot;spark/partials/scripts_en.ftl&quot;): Not found</td>
</tr>

<tr>
<td>405</td>
<td title="main thread">main</td>
<td title="Level"><font color="#339933">DEBUG</font></td>
<td title="freemarker.cache category">freemarker.cache</td>
<td title="Message">TemplateLoader.findTemplateSource(&quot;spark/partials/scripts.ftl&quot;): Found</td>
</tr>

<tr>
<td>405</td>
<td title="main thread">main</td>
<td title="Level"><font color="#339933">DEBUG</font></td>
<td title="freemarker.cache category">freemarker.cache</td>
<td title="Message">Loading template for &quot;spark/partials/scripts.ftl&quot;(&quot;en_CA&quot;, UTF-8, parsed) from &quot;jar:file:/C:/Windows/system32/config/systemprofile/.m2/repository/com/aventstack/extentreports/5.1.0/extentreports-5.1.0.jar!/com/aventstack/extentreports/templates/spark/partials/scripts.ftl&quot;</td>
</tr>

<tr>
<td>406</td>
<td title="main thread">main</td>
<td title="Level"><font color="#339933">DEBUG</font></td>
<td title="freemarker.cache category">freemarker.cache</td>
<td title="Message">Couldn't find template in cache for &quot;commons/commons-inject-js.ftl&quot;(&quot;en_CA&quot;, UTF-8, parsed); will try to load it.</td>
</tr>

<tr>
<td>406</td>
<td title="main thread">main</td>
<td title="Level"><font color="#339933">DEBUG</font></td>
<td title="freemarker.cache category">freemarker.cache</td>
<td title="Message">TemplateLoader.findTemplateSource(&quot;commons/commons-inject-js_en_CA.ftl&quot;): Not found</td>
</tr>

<tr>
<td>406</td>
<td title="main thread">main</td>
<td title="Level"><font color="#339933">DEBUG</font></td>
<td title="freemarker.cache category">freemarker.cache</td>
<td title="Message">TemplateLoader.findTemplateSource(&quot;commons/commons-inject-js_en.ftl&quot;): Not found</td>
</tr>

<tr>
<td>407</td>
<td title="main thread">main</td>
<td title="Level"><font color="#339933">DEBUG</font></td>
<td title="freemarker.cache category">freemarker.cache</td>
<td title="Message">TemplateLoader.findTemplateSource(&quot;commons/commons-inject-js.ftl&quot;): Found</td>
</tr>

<tr>
<td>407</td>
<td title="main thread">main</td>
<td title="Level"><font color="#339933">DEBUG</font></td>
<td title="freemarker.cache category">freemarker.cache</td>
<td title="Message">Loading template for &quot;commons/commons-inject-js.ftl&quot;(&quot;en_CA&quot;, UTF-8, parsed) from &quot;jar:file:/C:/Windows/system32/config/systemprofile/.m2/repository/com/aventstack/extentreports/5.1.0/extentreports-5.1.0.jar!/com/aventstack/extentreports/templates/commons/commons-inject-js.ftl&quot;</td>
</tr>
